This is pdfTeX, Version 3.14159265-2.6-1.40.20 (TeX Live 2019) (preloaded format=pdflatex 2019.6.27)  7 DEC 2022 19:32
entering extended mode
 restricted \write18 enabled.
 %&-line parsing enabled.
**sample.tex
(./sample.tex
LaTeX2e <2018-12-01>
(/usr/local/texlive/2019/texmf-dist/tex/latex/exam/exam.cls
Document Class: exam 2017/12/17 Version 2.603 by Philip Hirschhorn
(/usr/local/texlive/2019/texmf-dist/tex/latex/base/ifthen.sty
Package: ifthen 2014/09/29 v1.1c Standard LaTeX ifthen package (DPC)
)
(/usr/local/texlive/2019/texmf-dist/tex/latex/base/article.cls
Document Class: article 2018/09/03 v1.4i Standard LaTeX document class
(/usr/local/texlive/2019/texmf-dist/tex/latex/base/size10.clo
File: size10.clo 2018/09/03 v1.4i Standard LaTeX file (size option)
)
\c@part=\count80
\c@section=\count81
\c@subsection=\count82
\c@subsubsection=\count83
\c@paragraph=\count84
\c@subparagraph=\count85
\c@figure=\count86
\c@table=\count87
\abovecaptionskip=\skip41
\belowcaptionskip=\skip42
\bibindent=\dimen102
)
\@extrawidth=\skip43
\@rightmargin=\skip44
\@extrahead=\skip45
\@extrafoot=\skip46
\run@exhd=\skip47
\fp@exhd=\skip48
\run@exft=\skip49
\fp@exft=\skip50
\covrun@exhd=\skip51
\covfp@exhd=\skip52
\covrun@exft=\skip53
\covfp@exft=\skip54
\c@num@coverpages=\count88
\c@latest@ques=\count89
\c@ques@end=\count90
\c@last@object=\count91
\c@incmp@ques=\count92
\c@next@ques=\count93
\c@next@page=\count94
\c@tmp@hlfcntr=\count95
\c@ifpos@cntr=\count96
\c@question=\count97
\c@partno=\count98
\c@subpart=\count99
\c@subsubpart=\count100
\c@choice=\count101
\c@numpoints=\count102
\c@numbonuspoints=\count103
\c@pointsof@thisquestion=\count104
\c@bonuspointsof@thisquestion=\count105
\c@numquestions=\count106
\c@numparts=\count107
\c@numsubparts=\count108
\c@numsubsubparts=\count109
\c@Curr@Page=\count110
\c@@pagepoints=\count111
\c@@pagebonuspoints=\count112
\c@pageof@pagepoints=\count113
\c@pageof@pagebonuspoints=\count114
\c@latest@points=\count115
\c@latest@bonuspoints=\count116
\pageinfo@commands=\toks14
\temp@toks=\toks15
\pagepoint@commands=\toks16
\point@toks=\toks17
\c@ques@object=\count117
\marginpointssep=\skip55
\rightpointsmargin=\skip56
\choice@toks=\toks18
\answerlinelength=\skip57
\answerskip=\skip58
\answerclearance=\skip59
\fillinlinelength=\skip60
\linefillheight=\skip61
\linefillthickness=\skip62
\dottedlinefillheight=\skip63
\gridsize=\skip64
\gridlinewidth=\skip65
\minboxheight=\skip66
\c@@iterator=\count118
\@cellwidth=\skip67
\c@tbl@points=\count119
\c@tbl@bonuspoints=\count120
\c@pq@index=\count121
\c@pq@index@pts=\count122
\c@pq@index@bpts=\count123
\c@num@cols=\count124
\c@num@rows=\count125
\c@current@row=\count126
\c@cols@done=\count127
\exam@box=\box27
\saved@totalleftmargin=\dimen103
\@sollistdepth=\count128
\exam@FrameRule=\dimen104
\exam@FrameSep=\dimen105
)
(/usr/local/texlive/2019/texmf-dist/tex/latex/amsfonts/amssymb.sty
Package: amssymb 2013/01/14 v3.01 AMS font symbols

(/usr/local/texlive/2019/texmf-dist/tex/latex/amsfonts/amsfonts.sty
Package: amsfonts 2013/01/14 v3.01 Basic AMSFonts support
\@emptytoks=\toks19
\symAMSa=\mathgroup4
\symAMSb=\mathgroup5
LaTeX Font Info:    Overwriting math alphabet `\mathfrak' in version `bold'
(Font)                  U/euf/m/n --> U/euf/b/n on input line 106.
))
(/usr/local/texlive/2019/texmf-dist/tex/latex/graphics/graphicx.sty
Package: graphicx 2017/06/01 v1.1a Enhanced LaTeX Graphics (DPC,SPQR)

(/usr/local/texlive/2019/texmf-dist/tex/latex/graphics/keyval.sty
Package: keyval 2014/10/28 v1.15 key=value parser (DPC)
\KV@toks@=\toks20
)
(/usr/local/texlive/2019/texmf-dist/tex/latex/graphics/graphics.sty
Package: graphics 2017/06/25 v1.2c Standard LaTeX Graphics (DPC,SPQR)

(/usr/local/texlive/2019/texmf-dist/tex/latex/graphics/trig.sty
Package: trig 2016/01/03 v1.10 sin cos tan (DPC)
)
(/usr/local/texlive/2019/texmf-dist/tex/latex/graphics-cfg/graphics.cfg
File: graphics.cfg 2016/06/04 v1.11 sample graphics configuration
)
Package graphics Info: Driver file: pdftex.def on input line 99.

(/usr/local/texlive/2019/texmf-dist/tex/latex/graphics-def/pdftex.def
File: pdftex.def 2018/01/08 v1.0l Graphics/color driver for pdftex
))
\Gin@req@height=\dimen106
\Gin@req@width=\dimen107
)
(/usr/local/texlive/2019/texmf-dist/tex/latex/listings/listings.sty
\lst@mode=\count129
\lst@gtempboxa=\box28
\lst@token=\toks21
\lst@length=\count130
\lst@currlwidth=\dimen108
\lst@column=\count131
\lst@pos=\count132
\lst@lostspace=\dimen109
\lst@width=\dimen110
\lst@newlines=\count133
\lst@lineno=\count134
\lst@maxwidth=\dimen111

(/usr/local/texlive/2019/texmf-dist/tex/latex/listings/lstmisc.sty
File: lstmisc.sty 2019/02/27 1.8b (Carsten Heinz)
\c@lstnumber=\count135
\lst@skipnumbers=\count136
\lst@framebox=\box29
)
(/usr/local/texlive/2019/texmf-dist/tex/latex/listings/listings.cfg
File: listings.cfg 2019/02/27 1.8b listings configuration
))
Package: listings 2019/02/27 1.8b (Carsten Heinz)

(/usr/local/texlive/2019/texmf-dist/tex/latex/tools/tabularx.sty
Package: tabularx 2016/02/03 v2.11b `tabularx' package (DPC)

(/usr/local/texlive/2019/texmf-dist/tex/latex/tools/array.sty
Package: array 2018/12/30 v2.4k Tabular extension package (FMi)
\col@sep=\dimen112
\ar@mcellbox=\box30
\extrarowheight=\dimen113
\NC@list=\toks22
\extratabsurround=\skip68
\backup@length=\skip69
\ar@cellbox=\box31
)
\TX@col@width=\dimen114
\TX@old@table=\dimen115
\TX@old@col=\dimen116
\TX@target=\dimen117
\TX@delta=\dimen118
\TX@cols=\count137
\TX@ftn=\toks23
)
(/usr/local/texlive/2019/texmf-dist/tex/latex/mathtools/mathtools.sty
Package: mathtools 2018/01/08 v1.21 mathematical typesetting tools

(/usr/local/texlive/2019/texmf-dist/tex/latex/tools/calc.sty
Package: calc 2017/05/25 v4.3 Infix arithmetic (KKT,FJ)
\calc@Acount=\count138
\calc@Bcount=\count139
\calc@Adimen=\dimen119
\calc@Bdimen=\dimen120
\calc@Askip=\skip70
\calc@Bskip=\skip71
LaTeX Info: Redefining \setlength on input line 80.
LaTeX Info: Redefining \addtolength on input line 81.
\calc@Ccount=\count140
\calc@Cskip=\skip72
)
(/usr/local/texlive/2019/texmf-dist/tex/latex/mathtools/mhsetup.sty
Package: mhsetup 2017/03/31 v1.3 programming setup (MH)
)
(/usr/local/texlive/2019/texmf-dist/tex/latex/amsmath/amsmath.sty
Package: amsmath 2018/12/01 v2.17b AMS math features
\@mathmargin=\skip73

For additional information on amsmath, use the `?' option.
(/usr/local/texlive/2019/texmf-dist/tex/latex/amsmath/amstext.sty
Package: amstext 2000/06/29 v2.01 AMS text

(/usr/local/texlive/2019/texmf-dist/tex/latex/amsmath/amsgen.sty
File: amsgen.sty 1999/11/30 v2.0 generic functions
\@emptytoks=\toks24
\ex@=\dimen121
))
(/usr/local/texlive/2019/texmf-dist/tex/latex/amsmath/amsbsy.sty
Package: amsbsy 1999/11/29 v1.2d Bold Symbols
\pmbraise@=\dimen122
)
(/usr/local/texlive/2019/texmf-dist/tex/latex/amsmath/amsopn.sty
Package: amsopn 2016/03/08 v2.02 operator names
)
\inf@bad=\count141
LaTeX Info: Redefining \frac on input line 223.
\uproot@=\count142
\leftroot@=\count143
LaTeX Info: Redefining \overline on input line 385.
\classnum@=\count144
\DOTSCASE@=\count145
LaTeX Info: Redefining \ldots on input line 482.
LaTeX Info: Redefining \dots on input line 485.
LaTeX Info: Redefining \cdots on input line 606.
\Mathstrutbox@=\box32
\strutbox@=\box33
\big@size=\dimen123
LaTeX Font Info:    Redeclaring font encoding OML on input line 729.
LaTeX Font Info:    Redeclaring font encoding OMS on input line 730.
\macc@depth=\count146
\c@MaxMatrixCols=\count147
\dotsspace@=\muskip10
\c@parentequation=\count148
\dspbrk@lvl=\count149
\tag@help=\toks25
\row@=\count150
\column@=\count151
\maxfields@=\count152
\andhelp@=\toks26
\eqnshift@=\dimen124
\alignsep@=\dimen125
\tagshift@=\dimen126
\tagwidth@=\dimen127
\totwidth@=\dimen128
\lineht@=\dimen129
\@envbody=\toks27
\multlinegap=\skip74
\multlinetaggap=\skip75
\mathdisplay@stack=\toks28
LaTeX Info: Redefining \[ on input line 2844.
LaTeX Info: Redefining \] on input line 2845.
)
LaTeX Info: Thecontrolsequence`\('isalreadyrobust on input line 129.
LaTeX Info: Thecontrolsequence`\)'isalreadyrobust on input line 129.
LaTeX Info: Thecontrolsequence`\['isalreadyrobust on input line 129.
LaTeX Info: Th(/usr/local/texlive/2019/texmf-dist/tex/generic/oberdiek/ifpdf.sty))
(/usr/local/texlive/2019/texmf-dist/tex/latex/latexconfig/epstopdf-sys.cfg))
Overfull \hbox (2.2222pt too wide) in paragraph at lines 60--63
[] []

Underfull \hbox (badness 10000) in paragraph at lines 60--63


LaTeX Font Warning: Font shape `OT1/cmr/m/n' in size <4> not available
(Font)              size <5> substituted on input line 63.

[1{/usr/local/texlive/2019/texmf-var/fonts/map/pdftex/updmap/pdftex.map}]
(/usr/local/texlive/2019/texmf-dist/tex/latex/amsfonts/umsa.fd)
(/usr/local/texlive/2019/texmf-dist/tex/latex/amsfonts/umsb.fd)
(/usr/local/texlive/2019/texmf-dist/tex/latex/wasysym/uwasy.fd) [1] [2]
[3] [4] [5] [6] [7] [8]
This exam contains 24 questions with 2 parts, 0 subparts, and 0 subsubparts.
This exam has a total of 105 points.
This exam has a total of 6 bonus points.

Class exam Warning: Point totals have changed. Rerun to get point totals right.


(./sample.aux)

LaTeX Font Warning: Size substitutions with differences
(Font)              up to 1.0pt have occurred.


LaTeX Warning: Label(s) may have changed. Rerun to get cross-references right.

 )
(see the transcript file for additional information)</usr/local/texlive/2019/te
xmf-dist/fonts/type1/public/amsfonts/cm/cmbx10.pfb></usr/local/texlive/2019/tex
mf-dist/fonts/type1/public/amsfonts/cm/cmbx12.pfb></usr/local/texlive/2019/texm
f-dist/fonts/type1/public/amsfonts/cm/cmcsc10.pfb></usr/local/texlive/2019/texm
f-dist/fonts/type1/public/amsfonts/cm/cmr10.pfb></usr/local/texlive/2019/texmf-
dist/fonts/type1/public/amsfonts/cm/cmr12.pfb></usr/local/texlive/2019/texmf-di
st/fonts/type1/public/amsfonts/cm/cmr5.pfb></usr/local/texlive/2019/texmf-dist/
fonts/type1/public/amsfonts/cm/cmti10.pfb></usr/local/texlive/2019/texmf-dist/f
onts/type1/public/amsfonts/cm/cmtt10.pfb>
Output written on sample.pdf (9 pages, 105706 bytes).
Transcript written on sample.log.
This is pdfTeX, Version 3.14159265-2.6-1.40.20 (TeX Live 2019) (preloaded format=pdflatex)
 restricted \write18 enabled.
entering extended mode
(./sample.tex
LaTeX2e <2018-12-01>
(/usr/local/texlive/2019/texmf-dist/tex/latex/exam/exam.cls
Document Class: exam 2017/12/17 Version 2.603 by Philip Hirschhorn
(/usr/local/texlive/2019/texmf-dist/tex/latex/base/ifthen.sty)
(/usr/local/texlive/2019/texmf-dist/tex/latex/base/article.cls
Document Class: article 2018/09/03 v1.4i Standard LaTeX document class
(/usr/local/texlive/2019/texmf-dist/tex/latex/base/size10.clo)))
(/usr/local/texlive/2019/texmf-dist/tex/latex/amsfonts/amssymb.sty
(/usr/local/texlive/2019/texmf-dist/tex/latex/amsfonts/amsfonts.sty))
(/usr/local/texlive/2019/texmf-dist/tex/latex/graphics/graphicx.sty
(/usr/local/texlive/2019/texmf-dist/tex/latex/graphics/keyval.sty)
(/usr/local/texlive/2019/texmf-dist/tex/latex/graphics/graphics.sty
(/usr/local/texlive/2019/texmf-dist/tex/latex/graphics/trig.sty)
(/usr/local/texlive/2019/texmf-dist/tex/latex/graphics-cfg/graphics.cfg)
(/usr/local/texlive/2019/texmf-dist/tex/latex/graphics-def/pdftex.def)))
(/usr/local/texlive/2019/texmf-dist/tex/latex/listings/listings.sty
(/usr/local/texlive/2019/texmf-dist/tex/latex/listings/lstmisc.sty)
(/usr/local/texlive/2019/texmf-dist/tex/latex/listings/listings.cfg))
(/usr/local/texlive/2019/texmf-dist/tex/latex/tools/tabularx.sty
(/usr/local/texlive/2019/texmf-dist/tex/latex/tools/array.sty))
(/usr/local/texlive/2019/texmf-dist/tex/latex/mathtools/mathtools.sty
(/usr/local/texlive/2019/texmf-dist/tex/latex/tools/calc.sty)
(/usr/local/texlive/2019/texmf-dist/tex/latex/mathtools/mhsetup.sty)
(/usr/local/texlive/2019/texmf-dist/tex/latex/amsmath/amsmath.sty
For additional information on amsmath, use the `?' option.
(/usr/local/texlive/2019/texmf-dist/tex/latex/amsmath/amstext.sty
(/usr/local/texlive/2019/texmf-dist/tex/latex/amsmath/amsgen.sty))
(/usr/local/texlive/2019/texmf-dist/tex/latex/amsmath/amsbsy.sty)
(/usr/local/texlive/2019/texmf-dist/tex/latex/amsmath/amsopn.sty)))
(/usr/local/texlive/2019/texmf-dist/tex/latex/wasysym/wasysym.sty)
(/usr/local/texlive/2019/texmf-dist/tex/latex/graphics/color.sty
(/usr/local/texlive/2019/texmf-dist/tex/latex/graphics-cfg/color.cfg))
(./sample.aux)
(/usr/local/texlive/2019/texmf-dist/tex/context/base/mkii/supp-pdf.mkii
[Loading MPS to PDF converter (version 2006.09.02).]
) (/usr/local/texlive/2019/texmf-dist/tex/latex/oberdiek/epstopdf-base.sty
(/usr/local/texlive/2019/texmf-dist/tex/generic/oberdiek/infwarerr.sty)
(/usr/local/texlive/2019/texmf-dist/tex/latex/oberdiek/grfext.sty
(/usr/local/texlive/2019/texmf-dist/tex/generic/oberdiek/kvdefinekeys.sty
(/usr/local/texlive/2019/texmf-dist/tex/generic/oberdiek/ltxcmds.sty)))
(/usr/local/texlive/2019/texmf-dist/tex/latex/oberdiek/kvoptions.sty
(/usr/local/texlive/2019/texmf-dist/tex/generic/oberdiek/kvsetkeys.sty
(/usr/local/texlive/2019/texmf-dist/tex/generic/oberdiek/etexcmds.sty
(/usr/local/texlive/2019/texmf-dist/tex/generic/oberdiek/ifluatex.sty))))
(/usr/local/texlive/2019/texmf-dist/tex/generic/oberdiek/pdftexcmds.sty
(/usr/local/texlive/2019/texmf-dist/tex/generic/oberdiek/ifpdf.sty))
(/usr/local/texlive/2019/texmf-dist/tex/latex/latexconfig/epstopdf-sys.cfg))
Overfull \hbox (2.2222pt too wide) in paragraph at lines 60--63
[] []

Underfull \hbox (badness 10000) in paragraph at lines 60--63


LaTeX Font Warning: Font shape `OT1/cmr/m/n' in size <4> not available
(Font)              size <5> substituted on input line 63.

[1{/usr/local/texlive/2019/texmf-var/fonts/map/pdftex/updmap/pdftex.map}]
(/usr/local/texlive/2019/texmf-dist/tex/latex/amsfonts/umsa.fd)
(/usr/local/texlive/2019/texmf-dist/tex/latex/amsfonts/umsb.fd)
(/usr/local/texlive/2019/texmf-dist/tex/latex/wasysym/uwasy.fd) [1] [2]
[3] [4] [5] [6] [7] [8]
This exam contains 24 questions with 2 parts, 0 subparts, and 0 subsubparts.
This exam has a total of 105 points.
This exam has a total of 6 bonus points.
(./sample.aux)

LaTeX Font Warning: Size substitutions with differences
(Font)              up to 1.0pt have occurred.

 )
(see the transcript file for additional information)</usr/local/texlive/2019/te
xmf-dist/fonts/type1/public/amsfonts/cm/cmbx10.pfb></usr/local/texlive/2019/tex
mf-dist/fonts/type1/public/amsfonts/cm/cmbx12.pfb></usr/local/texlive/2019/texm
f-dist/fonts/type1/public/amsfonts/cm/cmcsc10.pfb></usr/local/texlive/2019/texm
f-dist/fonts/type1/public/amsfonts/cm/cmr10.pfb></usr/local/texlive/2019/texmf-
dist/fonts/type1/public/amsfonts/cm/cmr12.pfb></usr/local/texlive/2019/texmf-di
st/fonts/type1/public/amsfonts/cm/cmr5.pfb></usr/local/texlive/2019/texmf-dist/
fonts/type1/public/amsfonts/cm/cmti10.pfb></usr/local/texlive/2019/texmf-dist/f
onts/type1/public/amsfonts/cm/cmtt10.pfb>
Output written on sample.pdf (9 pages, 105706 bytes).
Transcript written on sample.log.
This is pdfTeX, Version 3.14159265-2.6-1.40.20 (TeX Live 2019) (preloaded format=pdflatex)
 restricted \write18 enabled.
entering extended mode
(./sample.key.tex
LaTeX2e <2018-12-01>
(/usr/local/texlive/2019/texmf-dist/tex/latex/exam/exam.cls
Document Class: exam 2017/12/17 Version 2.603 by Philip Hirschhorn
(/usr/local/texlive/2019/texmf-dist/tex/latex/base/ifthen.sty)
(/usr/local/texlive/2019/texmf-dist/tex/latex/base/article.cls
Document Class: article 2018/09/03 v1.4i Standard LaTeX document class
(/usr/local/texlive/2019/texmf-dist/tex/latex/base/size10.clo)))
(/usr/local/texlive/2019/texmf-dist/tex/latex/amsfonts/amssymb.sty
(/usr/local/texlive/2019/texmf-dist/tex/latex/amsfonts/amsfonts.sty))
(/usr/local/texlive/2019/texmf-dist/tex/latex/graphics/graphicx.sty
(/usr/local/texlive/2019/texmf-dist/tex/latex/graphics/keyval.sty)
(/usr/local/texlive/2019/texmf-dist/tex/latex/graphics/graphics.sty
(/usr/local/texlive/2019/texmf-dist/tex/latex/graphics/trig.sty)
(/usr/local/texlive/2019/texmf-dist/tex/latex/graphics-cfg/graphics.cfg)
(/usr/local/texlive/2019/texmf-dist/tex/latex/graphics-def/pdftex.def)))
(/usr/local/texlive/2019/texmf-dist/tex/latex/listings/listings.sty
(/usr/local/texlive/2019/texmf-dist/tex/latex/listings/lstmisc.sty)
(/usr/local/texlive/2019/texmf-dist/tex/latex/listings/listings.cfg))
(/usr/local/texlive/2019/texmf-dist/tex/latex/tools/tabularx.sty
(/usr/local/texlive/2019/texmf-dist/tex/latex/tools/array.sty))
(/usr/local/texlive/2019/texmf-dist/tex/latex/mathtools/mathtools.sty
(/usr/local/texlive/2019/texmf-dist/tex/latex/tools/calc.sty)
(/usr/local/texlive/2019/texmf-dist/tex/latex/mathtools/mhsetup.sty)
(/usr/local/texlive/2019/texmf-dist/tex/latex/amsmath/amsmath.sty
For additional information on amsmath, use the `?' option.
(/usr/local/texlive/2019/texmf-dist/tex/latex/amsmath/amstext.sty
(/usr/local/texlive/2019/texmf-dist/tex/latex/amsmath/amsgen.sty))
(/usr/local/texlive/2019/texmf-dist/tex/latex/amsmath/amsbsy.sty)
(/usr/local/texlive/2019/texmf-dist/tex/latex/amsmath/amsopn.sty)))
(/usr/local/texlive/2019/texmf-dist/tex/latex/wasysym/wasysym.sty)
(/usr/local/texlive/2019/texmf-dist/tex/latex/graphics/color.sty
(/usr/local/texlive/2019/texmf-dist/tex/latex/graphics-cfg/color.cfg))
(./sample.key.aux)
(/usr/local/texlive/2019/texmf-dist/tex/context/base/mkii/supp-pdf.mkii
[Loading MPS to PDF converter (version 2006.09.02).]
) (/usr/local/texlive/2019/texmf-dist/tex/latex/oberdiek/epstopdf-base.sty
(/usr/local/texlive/2019/texmf-dist/tex/generic/oberdiek/infwarerr.sty)
(/usr/local/texlive/2019/texmf-dist/tex/latex/oberdiek/grfext.sty
(/usr/local/texlive/2019/texmf-dist/tex/generic/oberdiek/kvdefinekeys.sty
(/usr/local/texlive/2019/texmf-dist/tex/generic/oberdiek/ltxcmds.sty)))
(/usr/local/texlive/2019/texmf-dist/tex/latex/oberdiek/kvoptions.sty
(/usr/local/texlive/2019/texmf-dist/tex/generic/oberdiek/kvsetkeys.sty
(/usr/local/texlive/2019/texmf-dist/tex/generic/oberdiek/etexcmds.sty
(/usr/local/texlive/2019/texmf-dist/tex/generic/oberdiek/ifluatex.sty))))
(/usr/local/texlive/2019/texmf-dist/tex/generic/oberdiek/pdftexcmds.sty
(/usr/local/texlive/2019/texmf-dist/tex/generic/oberdiek/ifpdf.sty))
(/usr/local/texlive/2019/texmf-dist/tex/latex/latexconfig/epstopdf-sys.cfg))
(/usr/local/texlive/2019/texmf-dist/tex/latex/amsfonts/umsa.fd)
(/usr/local/texlive/2019/texmf-dist/tex/latex/amsfonts/umsb.fd)
(/usr/local/texlive/2019/texmf-dist/tex/latex/wasysym/uwasy.fd)
Underfull \hbox (badness 10000) in paragraph at lines 60--62


LaTeX Font Warning: Font shape `OT1/cmr/m/n' in size <4> not available
(Font)              size <5> substituted on input line 62.

[1{/usr/local/texlive/2019/texmf-var/fonts/map/pdftex/updmap/pdftex.map}]
[1] [2] [3] [4] [5] [6] [7] [8]
This exam contains 24 questions with 2 parts, 0 subparts, and 0 subsubparts.
This exam has a total of 105 points.
This exam has a total of 6 bonus points.

Class exam Warning: Point totals have changed. Rerun to get point totals right.


(./sample.key.aux)

LaTeX Font Warning: Size substitutions with differences
(Font)              up to 1.0pt have occurred.


LaTeX Warning: Label(s) may have changed. Rerun to get cross-references right.

 )
(see the transcript file for additional information)</usr/local/texlive/2019/te
xmf-dist/fonts/type1/public/amsfonts/cm/cmbx10.pfb></usr/local/texlive/2019/tex
mf-dist/fonts/type1/public/amsfonts/cm/cmbx12.pfb></usr/local/texlive/2019/texm
f-dist/fonts/type1/public/amsfonts/cm/cmcsc10.pfb></usr/local/texlive/2019/texm
f-dist/fonts/type1/public/amsfonts/cm/cmr10.pfb></usr/local/texlive/2019/texmf-
dist/fonts/type1/public/amsfonts/cm/cmr12.pfb></usr/local/texlive/2019/texmf-di
st/fonts/type1/public/amsfonts/cm/cmr5.pfb></usr/local/texlive/2019/texmf-dist/
fonts/type1/public/amsfonts/cm/cmti10.pfb></usr/local/texlive/2019/texmf-dist/f
onts/type1/public/amsfonts/cm/cmtt10.pfb>
Output written on sample.key.pdf (9 pages, 109808 bytes).
Transcript written on sample.key.log.
This is pdfTeX, Version 3.14159265-2.6-1.40.20 (TeX Live 2019) (preloaded format=pdflatex)
 restricted \write18 enabled.
entering extended mode
(./sample.key.tex
LaTeX2e <2018-12-01>
(/usr/local/texlive/2019/texmf-dist/tex/latex/exam/exam.cls
Document Class: exam 2017/12/17 Version 2.603 by Philip Hirschhorn
(/usr/local/texlive/2019/texmf-dist/tex/latex/base/ifthen.sty)
(/usr/local/texlive/2019/texmf-dist/tex/latex/base/article.cls
Document Class: article 2018/09/03 v1.4i Standard LaTeX document class
(/usr/local/texlive/2019/texmf-dist/tex/latex/base/size10.clo)))
(/usr/local/texlive/2019/texmf-dist/tex/latex/amsfonts/amssymb.sty
(/usr/local/texlive/2019/texmf-dist/tex/latex/amsfonts/amsfonts.sty))
(/usr/local/texlive/2019/texmf-dist/tex/latex/graphics/graphicx.sty
(/usr/local/texlive/2019/texmf-dist/tex/latex/graphics/keyval.sty)
(/usr/local/texlive/2019/texmf-dist/tex/latex/graphics/graphics.sty
(/usr/local/texlive/2019/texmf-dist/tex/latex/graphics/trig.sty)
(/usr/local/texlive/2019/texmf-dist/tex/latex/graphics-cfg/graphics.cfg)
(/usr/local/texlive/2019/texmf-dist/tex/latex/graphics-def/pdftex.def)))
(/usr/local/texlive/2019/texmf-dist/tex/latex/listings/listings.sty
(/usr/local/texlive/2019/texmf-dist/tex/latex/listings/lstmisc.sty)
(/usr/local/texlive/2019/texmf-dist/tex/latex/listings/listings.cfg))
(/usr/local/texlive/2019/texmf-dist/tex/latex/tools/tabularx.sty
(/usr/local/texlive/2019/texmf-dist/tex/latex/tools/array.sty))
(/usr/local/texlive/2019/texmf-dist/tex/latex/mathtools/mathtools.sty
(/usr/local/texlive/2019/texmf-dist/tex/latex/tools/calc.sty)
(/usr/local/texlive/2019/texmf-dist/tex/latex/mathtools/mhsetup.sty)
(/usr/local/texlive/2019/texmf-dist/tex/latex/amsmath/amsmath.sty
For additional information on amsmath, use the `?' option.
(/usr/local/texlive/2019/texmf-dist/tex/latex/amsmath/amstext.sty
(/usr/local/texlive/2019/texmf-dist/tex/latex/amsmath/amsgen.sty))
(/usr/local/texlive/2019/texmf-dist/tex/latex/amsmath/amsbsy.sty)
(/usr/local/texlive/2019/texmf-dist/tex/latex/amsmath/amsopn.sty)))
(/usr/local/texlive/2019/texmf-dist/tex/latex/wasysym/wasysym.sty)
(/usr/local/texlive/2019/texmf-dist/tex/latex/graphics/color.sty
(/usr/local/texlive/2019/texmf-dist/tex/latex/graphics-cfg/color.cfg))
(./sample.key.aux)
(/usr/local/texlive/2019/texmf-dist/tex/context/base/mkii/supp-pdf.mkii
[Loading MPS to PDF converter (version 2006.09.02).]
) (/usr/local/texlive/2019/texmf-dist/tex/latex/oberdiek/epstopdf-base.sty
(/usr/local/texlive/2019/texmf-dist/tex/generic/oberdiek/infwarerr.sty)
(/usr/local/texlive/2019/texmf-dist/tex/latex/oberdiek/grfext.sty
(/usr/local/texlive/2019/texmf-dist/tex/generic/oberdiek/kvdefinekeys.sty
(/usr/local/texlive/2019/texmf-dist/tex/generic/oberdiek/ltxcmds.sty)))
(/usr/local/texlive/2019/texmf-dist/tex/latex/oberdiek/kvoptions.sty
(/usr/local/texlive/2019/texmf-dist/tex/generic/oberdiek/kvsetkeys.sty
(/usr/local/texlive/2019/texmf-dist/tex/generic/oberdiek/etexcmds.sty
(/usr/local/texlive/2019/texmf-dist/tex/generic/oberdiek/ifluatex.sty))))
(/usr/local/texlive/2019/texmf-dist/tex/generic/oberdiek/pdftexcmds.sty
(/usr/local/texlive/2019/texmf-dist/tex/generic/oberdiek/ifpdf.sty))
(/usr/local/texlive/2019/texmf-dist/tex/latex/latexconfig/epstopdf-sys.cfg))
(/usr/local/texlive/2019/texmf-dist/tex/latex/amsfonts/umsa.fd)
(/usr/local/texlive/2019/texmf-dist/tex/latex/amsfonts/umsb.fd)
(/usr/local/texlive/2019/texmf-dist/tex/latex/wasysym/uwasy.fd)
Underfull \hbox (badness 10000) in paragraph at lines 60--62


LaTeX Font Warning: Font shape `OT1/cmr/m/n' in size <4> not available
(Font)              size <5> substituted on input line 62.

[1{/usr/local/texlive/2019/texmf-var/fonts/map/pdftex/updmap/pdftex.map}]
[1] [2] [3] [4] [5] [6] [7] [8]
This exam contains 24 questions with 2 parts, 0 subparts, and 0 subsubparts.
This exam has a total of 105 points.
This exam has a total of 6 bonus points.

Class exam Warning: Point totals have changed. Rerun to get point totals right.


(./sample.key.aux)

LaTeX Font Warning: Size substitutions with differences
(Font)              up to 1.0pt have occurred.


LaTeX Warning: Label(s) may have changed. Rerun to get cross-references right.

 )
(see the transcript file for additional information)</usr/local/texlive/2019/te
xmf-dist/fonts/type1/public/amsfonts/cm/cmbx10.pfb></usr/local/texlive/2019/tex
mf-dist/fonts/type1/public/amsfonts/cm/cmbx12.pfb></usr/local/texlive/2019/texm
f-dist/fonts/type1/public/amsfonts/cm/cmcsc10.pfb></usr/local/texlive/2019/texm
f-dist/fonts/type1/public/amsfonts/cm/cmr10.pfb></usr/local/texlive/2019/texmf-
dist/fonts/type1/public/amsfonts/cm/cmr12.pfb></usr/local/texlive/2019/texmf-di
st/fonts/type1/public/amsfonts/cm/cmr5.pfb></usr/local/texlive/2019/texmf-dist/
fonts/type1/public/amsfonts/cm/cmti10.pfb></usr/local/texlive/2019/texmf-dist/f
onts/type1/public/amsfonts/cm/cmtt10.pfb>
Output written on sample.key.pdf (9 pages, 109808 bytes).
Transcript written on sample.key.log.
This is pdfTeX, Version 3.14159265-2.6-1.40.20 (TeX Live 2019) (preloaded format=pdflatex)
 restricted \write18 enabled.
entering extended mode
(./sample.key.tex
LaTeX2e <2018-12-01>
(/usr/local/texlive/2019/texmf-dist/tex/latex/exam/exam.cls
Document Class: exam 2017/12/17 Version 2.603 by Philip Hirschhorn
(/usr/local/texlive/2019/texmf-dist/tex/latex/base/ifthen.sty)
(/usr/local/texlive/2019/texmf-dist/tex/latex/base/article.cls
Document Class: article 2018/09/03 v1.4i Standard LaTeX document class
(/usr/local/texlive/2019/texmf-dist/tex/latex/base/size10.clo)))
(/usr/local/texlive/2019/texmf-dist/tex/latex/amsfonts/amssymb.sty
(/usr/local/texlive/2019/texmf-dist/tex/latex/amsfonts/amsfonts.sty))
(/usr/local/texlive/2019/texmf-dist/tex/latex/graphics/graphicx.sty
(/usr/local/texlive/2019/texmf-dist/tex/latex/graphics/keyval.sty)
(/usr/local/texlive/2019/texmf-dist/tex/latex/graphics/graphics.sty
(/usr/local/texlive/2019/texmf-dist/tex/latex/graphics/trig.sty)
(/usr/local/texlive/2019/texmf-dist/tex/latex/graphics-cfg/graphics.cfg)
(/usr/local/texlive/2019/texmf-dist/tex/latex/graphics-def/pdftex.def)))
(/usr/local/texlive/2019/texmf-dist/tex/latex/listings/listings.sty
(/usr/local/texlive/2019/texmf-dist/tex/latex/listings/lstmisc.sty)
(/usr/local/texlive/2019/texmf-dist/tex/latex/listings/listings.cfg))
(/usr/local/texlive/2019/texmf-dist/tex/latex/tools/tabularx.sty
(/usr/local/texlive/2019/texmf-dist/tex/latex/tools/array.sty))
(/usr/local/texlive/2019/texmf-dist/tex/latex/mathtools/mathtools.sty
(/usr/local/texlive/2019/texmf-dist/tex/latex/tools/calc.sty)
(/usr/local/texlive/2019/texmf-dist/tex/latex/mathtools/mhsetup.sty)
(/usr/local/texlive/2019/texmf-dist/tex/latex/amsmath/amsmath.sty
For additional information on amsmath, use the `?' option.
(/usr/local/texlive/2019/texmf-dist/tex/latex/amsmath/amstext.sty
(/usr/local/texlive/2019/texmf-dist/tex/latex/amsmath/amsgen.sty))
(/usr/local/texlive/2019/texmf-dist/tex/latex/amsmath/amsbsy.sty)
(/usr/local/texlive/2019/texmf-dist/tex/latex/amsmath/amsopn.sty)))
(/usr/local/texlive/2019/texmf-dist/tex/latex/wasysym/wasysym.sty)
(/usr/local/texlive/2019/texmf-dist/tex/latex/graphics/color.sty
(/usr/local/texlive/2019/texmf-dist/tex/latex/graphics-cfg/color.cfg))
(./sample.key.aux)
(/usr/local/texlive/2019/texmf-dist/tex/context/base/mkii/supp-pdf.mkii
[Loading MPS to PDF converter (version 2006.09.02).]
) (/usr/local/texlive/2019/texmf-dist/tex/latex/oberdiek/epstopdf-base.sty
(/usr/local/texlive/2019/texmf-dist/tex/generic/oberdiek/infwarerr.sty)
(/usr/local/texlive/2019/texmf-dist/tex/latex/oberdiek/grfext.sty
(/usr/local/texlive/2019/texmf-dist/tex/generic/oberdiek/kvdefinekeys.sty
(/usr/local/texlive/2019/texmf-dist/tex/generic/oberdiek/ltxcmds.sty)))
(/usr/local/texlive/2019/texmf-dist/tex/latex/oberdiek/kvoptions.sty
(/usr/local/texlive/2019/texmf-dist/tex/generic/oberdiek/kvsetkeys.sty
(/usr/local/texlive/2019/texmf-dist/tex/generic/oberdiek/etexcmds.sty
(/usr/local/texlive/2019/texmf-dist/tex/generic/oberdiek/ifluatex.sty))))
(/usr/local/texlive/2019/texmf-dist/tex/generic/oberdiek/pdftexcmds.sty
(/usr/local/texlive/2019/texmf-dist/tex/generic/oberdiek/ifpdf.sty))
(/usr/local/texlive/2019/texmf-dist/tex/latex/latexconfig/epstopdf-sys.cfg))
(/usr/local/texlive/2019/texmf-dist/tex/latex/amsfonts/umsa.fd)
(/usr/local/texlive/2019/texmf-dist/tex/latex/amsfonts/umsb.fd)
(/usr/local/texlive/2019/texmf-dist/tex/latex/wasysym/uwasy.fd)
Underfull \hbox (badness 10000) in paragraph at lines 60--62


LaTeX Font Warning: Font shape `OT1/cmr/m/n' in size <4> not available
(Font)              size <5> substituted on input line 62.

[1{/usr/local/texlive/2019/texmf-var/fonts/map/pdftex/updmap/pdftex.map}]
[1] [2] [3] [4] [5] [6] [7] [8]
This exam contains 24 questions with 2 parts, 0 subparts, and 0 subsubparts.
This exam has a total of 105 points.
This exam has a total of 6 bonus points.
(./sample.key.aux)

LaTeX Font Warning: Size substitutions with differences
(Font)              up to 1.0pt have occurred.

 )
(see the transcript file for additional information)</usr/local/texlive/2019/te
xmf-dist/fonts/type1/public/amsfonts/cm/cmbx10.pfb></usr/local/texlive/2019/tex
mf-dist/fonts/type1/public/amsfonts/cm/cmbx12.pfb></usr/local/texlive/2019/texm
f-dist/fonts/type1/public/amsfonts/cm/cmcsc10.pfb></usr/local/texlive/2019/texm
f-dist/fonts/type1/public/amsfonts/cm/cmr10.pfb></usr/local/texlive/2019/texmf-
dist/fonts/type1/public/amsfonts/cm/cmr12.pfb></usr/local/texlive/2019/texmf-di
st/fonts/type1/public/amsfonts/cm/cmr5.pfb></usr/local/texlive/2019/texmf-dist/
fonts/type1/public/amsfonts/cm/cmti10.pfb></usr/local/texlive/2019/texmf-dist/f
onts/type1/public/amsfonts/cm/cmtt10.pfb>
Output written on sample.key.pdf (9 pages, 109808 bytes).
Transcript written on sample.key.log.
